0 verbose cli /usr/local/bin/node /usr/local/bin/npm
1 info using npm@10.5.2
2 info using node@v20.13.1
3 timing npm:load:whichnode Completed in 1ms
4 timing config:load:defaults Completed in 1ms
5 timing config:load:file:/usr/local/lib/node_modules/npm/npmrc Completed in 0ms
6 timing config:load:builtin Completed in 0ms
7 timing config:load:cli Completed in 1ms
8 timing config:load:env Completed in 0ms
9 timing config:load:project Completed in 1ms
10 timing config:load:file:/app/.npmrc Completed in 0ms
11 timing config:load:user Completed in 0ms
12 timing config:load:file:/usr/local/etc/npmrc Completed in 0ms
13 timing config:load:global Completed in 0ms
14 timing config:load:setEnvs Completed in 0ms
15 timing config:load Completed in 4ms
16 timing npm:load:configload Completed in 4ms
17 timing config:load:flatten Completed in 1ms
18 timing npm:load:mkdirpcache Completed in 0ms
19 timing npm:load:mkdirplogs Completed in 0ms
20 verbose title npm run start
21 verbose argv "run" "start"
22 timing npm:load:setTitle Completed in 1ms
23 timing npm:load:display Completed in 0ms
24 verbose logfile logs-max:10 dir:/app/.npm/_logs/2024-06-09T01_39_35_648Z-
25 verbose logfile /app/.npm/_logs/2024-06-09T01_39_35_648Z-debug-0.log
26 timing npm:load:logFile Completed in 2ms
27 timing npm:load:timers Completed in 0ms
28 timing npm:load:configScope Completed in 0ms
29 timing npm:load Completed in 18ms
30 silly logfile start cleaning logs, removing 1 files
31 silly logfile done cleaning log files
32 http fetch GET 200 https://registry.npmjs.org/npm 193ms
33 timing command:run Completed in 478535285ms
34 notice
34 notice New minor version of npm available! 10.5.2 -> 10.8.1
34 notice Changelog: <https://github.com/npm/cli/releases/tag/v10.8.1>
34 notice Run `npm install -g npm@10.8.1` to update!
34 notice
35 verbose stack Error: command failed
35 verbose stack     at ChildProcess.<anonymous> (/usr/local/lib/node_modules/npm/node_modules/@npmcli/promise-spawn/lib/index.js:53:27)
35 verbose stack     at ChildProcess.emit (node:events:519:28)
35 verbose stack     at maybeClose (node:internal/child_process:1105:16)
35 verbose stack     at ChildProcess._handle.onexit (node:internal/child_process:305:5)
36 verbose pkgid share-favplace-front@0.1.0
37 verbose cwd /app
38 verbose Linux 6.6.26-linuxkit
39 verbose node v20.13.1
40 verbose npm  v10.5.2
41 error path /app
42 error command failed
43 error signal SIGTERM
44 error command sh -c react-scripts start
45 verbose exit 1
46 timing npm Completed in 478535345ms
47 verbose code 1
48 error A complete log of this run can be found in: /app/.npm/_logs/2024-06-09T01_39_35_648Z-debug-0.log
