0 verbose cli /usr/local/bin/node /usr/local/bin/npm
1 info using npm@10.5.2
2 info using node@v20.13.1
3 timing npm:load:whichnode Completed in 1ms
4 timing config:load:defaults Completed in 0ms
5 timing config:load:file:/usr/local/lib/node_modules/npm/npmrc Completed in 1ms
6 timing config:load:builtin Completed in 1ms
7 timing config:load:cli Completed in 1ms
8 timing config:load:env Completed in 0ms
9 timing config:load:project Completed in 1ms
10 timing config:load:file:/app/.npmrc Completed in 0ms
11 timing config:load:user Completed in 0ms
12 timing config:load:file:/usr/local/etc/npmrc Completed in 0ms
13 timing config:load:global Completed in 0ms
14 timing config:load:setEnvs Completed in 0ms
15 timing config:load Completed in 3ms
16 timing npm:load:configload Completed in 3ms
17 timing config:load:flatten Completed in 1ms
18 timing npm:load:mkdirpcache Completed in 1ms
19 timing npm:load:mkdirplogs Completed in 0ms
20 verbose title npm run start
21 verbose argv "run" "start"
22 timing npm:load:setTitle Completed in 0ms
23 timing npm:load:display Completed in 1ms
24 verbose logfile logs-max:10 dir:/app/.npm/_logs/2024-05-15T11_10_31_972Z-
25 verbose logfile /app/.npm/_logs/2024-05-15T11_10_31_972Z-debug-0.log
26 timing npm:load:logFile Completed in 3ms
27 timing npm:load:timers Completed in 0ms
28 timing npm:load:configScope Completed in 0ms
29 timing npm:load Completed in 17ms
30 silly logfile done cleaning log files
31 http fetch GET 200 https://registry.npmjs.org/npm 295ms
32 timing command:run Completed in 6862956ms
33 notice
33 notice New minor version of npm available! 10.5.2 -> 10.7.0
33 notice Changelog: <https://github.com/npm/cli/releases/tag/v10.7.0>
33 notice Run `npm install -g npm@10.7.0` to update!
33 notice
34 verbose stack Error: command failed
34 verbose stack     at ChildProcess.<anonymous> (/usr/local/lib/node_modules/npm/node_modules/@npmcli/promise-spawn/lib/index.js:53:27)
34 verbose stack     at ChildProcess.emit (node:events:519:28)
34 verbose stack     at maybeClose (node:internal/child_process:1105:16)
34 verbose stack     at ChildProcess._handle.onexit (node:internal/child_process:305:5)
35 verbose pkgid share-favplace-front@0.1.0
36 verbose cwd /app
37 verbose Linux 6.6.22-linuxkit
38 verbose node v20.13.1
39 verbose npm  v10.5.2
40 error path /app
41 error command failed
42 error signal SIGTERM
43 error command sh -c react-scripts start
44 verbose exit 1
45 timing npm Completed in 6863000ms
46 verbose code 1
47 error A complete log of this run can be found in: /app/.npm/_logs/2024-05-15T11_10_31_972Z-debug-0.log
